2019-08-28 06:51:24	INFO	::casa	
2019-08-28 06:51:24	INFO	::casa	CASA Version 5.4.1-32  
2019-08-28 06:51:37	INFO	imview::::	
2019-08-28 06:51:37	INFO	imview::::+	##########################################
2019-08-28 06:51:37	INFO	imview::::+	##### Begin Task: imview             #####
2019-08-28 06:51:37	INFO	imview::::	imview(raster="fits/ALMA01117198.fits",contour={},zoom=1,axes={},out="")
2019-08-28 06:51:39	INFO	imview::::	##### End Task: imview               #####
2019-08-28 06:51:39	INFO	imview::::+	##########################################
2019-08-28 06:51:50	INFO	imhead::::	
2019-08-28 06:51:50	INFO	imhead::::+	##########################################
2019-08-28 06:51:50	INFO	imhead::::+	##### Begin Task: imhead             #####
2019-08-28 06:51:50	INFO	imhead::::	imhead(imagename="fits/ALMA00000098.fits",mode="summary",hdkey="",hdvalue="",verbose=False)
2019-08-28 06:51:50	INFO	ImageMetaData::summary	
2019-08-28 06:51:50	INFO	ImageMetaData::summary+	Image name       : ALMA00000098.fits
2019-08-28 06:51:50	INFO	ImageMetaData::summary+	Object name      : HD163296
2019-08-28 06:51:50	INFO	ImageMetaData::summary+	Image type       : FITSImage
2019-08-28 06:51:50	INFO	ImageMetaData::summary+	Image quantity   : Intensity
2019-08-28 06:51:50	INFO	ImageMetaData::summary+	Pixel mask(s)    : Parent is masked
2019-08-28 06:51:50	INFO	ImageMetaData::summary+	Region(s)        : None
2019-08-28 06:51:50	INFO	ImageMetaData::summary+	Image units      : Jy/beam
2019-08-28 06:51:50	INFO	ImageMetaData::summary+	Restoring Beam   : 0.508779 arcsec, 0.334189 arcsec, 83.7413 deg
2019-08-28 06:51:50	INFO	ImageMetaData::summary	
2019-08-28 06:51:50	INFO	ImageMetaData::summary+	Direction reference : J2000
2019-08-28 06:51:50	INFO	ImageMetaData::summary+	Spectral  reference : TOPO
2019-08-28 06:51:50	INFO	ImageMetaData::summary+	Velocity  type      : RADIO
2019-08-28 06:51:50	INFO	ImageMetaData::summary+	Rest frequency      : 3.52897e+11 Hz
2019-08-28 06:51:50	INFO	ImageMetaData::summary+	Pointing center     :  17:56:21.281380  -21.57.22.357890
2019-08-28 06:51:50	INFO	ImageMetaData::summary+	Telescope           : ALMA
2019-08-28 06:51:50	INFO	ImageMetaData::summary+	Observer            : mrawlings
2019-08-28 06:51:50	INFO	ImageMetaData::summary+	Date observation    : 2012/06/11/07:38:12
2019-08-28 06:51:50	INFO	ImageMetaData::summary+	Telescope position: [2.22514e+06m, -5.44031e+06m, -2.48103e+06m] (ITRF)
2019-08-28 06:51:50	INFO	ImageMetaData::summary+	
2019-08-28 06:51:50	INFO	ImageMetaData::summary+	Axis Coord Type      Name             Proj Shape Tile   Coord value at pixel          Coord incr Units
2019-08-28 06:51:50	INFO	ImageMetaData::summary+	------------------------------------------------------------------------------------------------------ 
2019-08-28 06:51:50	INFO	ImageMetaData::summary+	0    0     Direction Right Ascension   SIN   512  512  17:56:21.281   256.00       -5.000000e-02 arcsec
2019-08-28 06:51:50	INFO	ImageMetaData::summary+	1    0     Direction Declination       SIN   512   64 -21.57.22.358   256.00        5.000000e-02 arcsec
2019-08-28 06:51:50	INFO	ImageMetaData::summary+	2    2     Spectral  Frequency                 1    1   3.52897e+11     0.00 1.4662010009770e+10 Hz
2019-08-28 06:51:50	INFO	ImageMetaData::summary+	                     Velocity                                     0     0.00       -1.245563e+04 km/s
2019-08-28 06:51:50	INFO	ImageMetaData::summary+	3    1     Stokes    Stokes                    1    1             I
2019-08-28 06:51:50	INFO	imhead::::	##### End Task: imhead               #####
2019-08-28 06:51:50	INFO	imhead::::+	##########################################
