           1
         150
  
  0.1000000000000E+00   0.2430548767719E-23
  0.1236673000000E+00   0.3581460624756E-20
  0.1529360000000E+00   0.2054739981109E-19
  0.1891319000000E+00   0.7482442678074E-19
  0.2338943000000E+00   0.1882388292410E-18
  0.2892508000000E+00   0.3528322163454E-18
  0.3577086000000E+00   0.5225022571195E-18
  0.4423686000000E+00   0.6430456088175E-18
  0.5470654000000E+00   0.6845147002460E-18
  0.6765410000000E+00   0.6521214098558E-18
  0.8366600000000E+00   0.5670541479822E-18
  0.1034675000000E+01   0.4624510008642E-18
  0.1279555000000E+01   0.3592530855853E-18
  0.1582391000000E+01   0.2689292129571E-18
  0.1956900000000E+01   0.1957492151493E-18
  0.2420045000000E+01   0.1400640794068E-18
  0.2992805000000E+01   0.1046396535249E-18
  0.3701121000000E+01   0.1146886867226E-18
  0.4577077000000E+01   0.2516766885147E-18
  0.5660348000000E+01   0.7536260452175E-18
  0.7000000000000E+01   0.1954678800096E-17
  0.7089677000000E+01   0.2081406157493E-17
  0.7180503000000E+01   0.2215270200727E-17
  0.7272493000000E+01   0.2358863848994E-17
  0.7365661000000E+01   0.2508943450653E-17
  0.7460023000000E+01   0.2710473670396E-17
  0.7555593000000E+01   0.2919083338449E-17
  0.7652388000000E+01   0.3192877663911E-17
  0.7750423000000E+01   0.3490391081656E-17
  0.7849714000000E+01   0.3825683282127E-17
  0.7950277000000E+01   0.4195937248767E-17
  0.8052128000000E+01   0.4711413060810E-17
  0.8155284000000E+01   0.5574652277907E-17
  0.8259761000000E+01   0.6228606612326E-17
  0.8365577000000E+01   0.7088595020910E-17
  0.8472749000000E+01   0.7675643805964E-17
  0.8581293000000E+01   0.8198021590987E-17
  0.8691229000000E+01   0.8648520611843E-17
  0.8802572000000E+01   0.9070180899051E-17
  0.8915342000000E+01   0.9476030480084E-17
  0.9029557000000E+01   0.9864700260988E-17
  0.9145235000000E+01   0.1025040509020E-16
  0.9262394000000E+01   0.1063443940959E-16
  0.9381055000000E+01   0.1101879039569E-16
  0.9501236000000E+01   0.1140806540622E-16
  0.9622957000000E+01   0.1180095150027E-16
  0.9746237000000E+01   0.1219918656965E-16
  0.9871096000000E+01   0.1260309441094E-16
  0.9997555000000E+01   0.1301123326651E-16
  0.1012563000000E+02   0.1342588724576E-16
  0.1025535000000E+02   0.1384531790449E-16
  0.1038673000000E+02   0.1427064341791E-16
  0.1051980000000E+02   0.1470036062123E-16
  0.1065457000000E+02   0.1513437625453E-16
  0.1079107000000E+02   0.1557248306021E-16
  0.1092931000000E+02   0.1601351112620E-16
  0.1106933000000E+02   0.1645676207281E-16
  0.1121113000000E+02   0.1690183642334E-16
  0.1135476000000E+02   0.1734551867283E-16
  0.1150023000000E+02   0.1778381781200E-16
  0.1164756000000E+02   0.1821136812100E-16
  0.1179677000000E+02   0.1862877001642E-16
  0.1194790000000E+02   0.1902418620053E-16
  0.1210097000000E+02   0.1940424298761E-16
  0.1225599000000E+02   0.1977826110973E-16
  0.1241300000000E+02   0.2012692982822E-16
  0.1257203000000E+02   0.2051184895414E-16
  0.1273309000000E+02   0.2087236233584E-16
  0.1289621000000E+02   0.2134041199778E-16
  0.1306143000000E+02   0.2181843713154E-16
  0.1322876000000E+02   0.2240234937103E-16
  0.1339823000000E+02   0.2302866465022E-16
  0.1356988000000E+02   0.2365964646675E-16
  0.1374372000000E+02   0.2429737191481E-16
  0.1391979000000E+02   0.2492380787890E-16
  0.1409812000000E+02   0.2553860726640E-16
  0.1427873000000E+02   0.2614830525334E-16
  0.1446165000000E+02   0.2676275332285E-16
  0.1464692000000E+02   0.2737347306234E-16
  0.1483456000000E+02   0.2800426145257E-16
  0.1502461000000E+02   0.2863851410439E-16
  0.1521709000000E+02   0.2927849003513E-16
  0.1541204000000E+02   0.2992910656893E-16
  0.1560948000000E+02   0.3056178849310E-16
  0.1580946000000E+02   0.3119244344332E-16
  0.1601199000000E+02   0.3181066190965E-16
  0.1621712000000E+02   0.3241763027609E-16
  0.1642488000000E+02   0.3302014471969E-16
  0.1663530000000E+02   0.3361360827425E-16
  0.1684841000000E+02   0.3420130105100E-16
  0.1706426000000E+02   0.3478652806273E-16
  0.1728287000000E+02   0.3536411875017E-16
  0.1750428000000E+02   0.3594170979926E-16
  0.1772853000000E+02   0.3650997823433E-16
  0.1795565000000E+02   0.3707652604858E-16
  0.1818568000000E+02   0.3763742158817E-16
  0.1841866000000E+02   0.3819362940077E-16
  0.1865462000000E+02   0.3874668347526E-16
  0.1889360000000E+02   0.3929645723120E-16
  0.1913565000000E+02   0.3984172278618E-16
  0.1938080000000E+02   0.4038304222377E-16
  0.1962908000000E+02   0.4091837345430E-16
  0.1988055000000E+02   0.4145200364824E-16
  0.2013524000000E+02   0.4197965703327E-16
  0.2039320000000E+02   0.4250243044723E-16
  0.2065445000000E+02   0.4301903260208E-16
  0.2091906000000E+02   0.4353146181816E-16
  0.2118705000000E+02   0.4404172044156E-16
  0.2145848000000E+02   0.4454541567857E-16
  0.2173339000000E+02   0.4504588307774E-16
  0.2201181000000E+02   0.4553881162893E-16
  0.2229381000000E+02   0.4602625130296E-16
  0.2257941000000E+02   0.4650598975462E-16
  0.2286868000000E+02   0.4697707098662E-16
  0.2316165000000E+02   0.4743908309579E-16
  0.2345837000000E+02   0.4789127127892E-16
  0.2375890000000E+02   0.4833275197181E-16
  0.2406328000000E+02   0.4876255215359E-16
  0.2437155000000E+02   0.4916708199198E-16
  0.2468378000000E+02   0.4955719936672E-16
  0.2500000000000E+02   0.4993509605354E-16
  0.3073734000000E+02   0.5353513490368E-16
  0.3779135000000E+02   0.5268942032760E-16
  0.4646422000000E+02   0.4907441630260E-16
  0.5712745000000E+02   0.4253719831460E-16
  0.7023782000000E+02   0.3453578263743E-16
  0.8635694000000E+02   0.2664096105116E-16
  0.1061753000000E+03   0.1932413197077E-16
  0.1305418000000E+03   0.1360967338285E-16
  0.1605003000000E+03   0.8849924824660E-17
  0.1973341000000E+03   0.5176209697062E-17
  0.2426209000000E+03   0.3256792845143E-17
  0.2983008000000E+03   0.1954199037469E-17
  0.3667589000000E+03   0.1080589408647E-17
  0.4509277000000E+03   0.5248332900575E-18
  0.5544126000000E+03   0.2369682133226E-18
  0.6816467000000E+03   0.1135702796150E-18
  0.8380801000000E+03   0.5320138714414E-19
  0.1030414000000E+04   0.2450474526186E-19
  0.1266887000000E+04   0.1114650499750E-19
  0.1557629000000E+04   0.5023502735716E-20
  0.1915095000000E+04   0.2248484760394E-20
  0.2354597000000E+04   0.1001258124172E-20
  0.2894961000000E+04   0.4441692371889E-21
  0.3559336000000E+04   0.1965037119429E-21
  0.4376180000000E+04   0.8674269332128E-22
  0.5380484000000E+04   0.3822703553713E-22
  0.6615270000000E+04   0.1682580403179E-22
  0.8133431000000E+04   0.7399714448431E-23
  0.1000000000000E+05   0.3241342536914E-23
