           1
         150
  
  0.1000000000000E+00   0.1545045834864E-25
  0.1236673000000E+00   0.3557071847953E-20
  0.1529360000000E+00   0.2044974596154E-19
  0.1891319000000E+00   0.7447930126919E-19
  0.2338943000000E+00   0.1876622149140E-18
  0.2892508000000E+00   0.3516161872257E-18
  0.3577086000000E+00   0.5201765375906E-18
  0.4423686000000E+00   0.6388100253665E-18
  0.5470654000000E+00   0.6784559278254E-18
  0.6765410000000E+00   0.6444470805762E-18
  0.8366600000000E+00   0.5621250598438E-18
  0.1034675000000E+01   0.4594772535749E-18
  0.1279555000000E+01   0.3574140453332E-18
  0.1582391000000E+01   0.2677376523695E-18
  0.1956900000000E+01   0.1952802300763E-18
  0.2420045000000E+01   0.1468518264891E-18
  0.2992805000000E+01   0.1723560417586E-18
  0.3701121000000E+01   0.4921799122089E-18
  0.4577077000000E+01   0.1649098927719E-17
  0.5660348000000E+01   0.4449306504288E-17
  0.7000000000000E+01   0.9470829315038E-17
  0.7089677000000E+01   0.9869186263982E-17
  0.7180503000000E+01   0.1027873726160E-16
  0.7272493000000E+01   0.1070046956395E-16
  0.7365661000000E+01   0.1113210686189E-16
  0.7460023000000E+01   0.1161428187166E-16
  0.7555593000000E+01   0.1210378843673E-16
  0.7652388000000E+01   0.1264756080959E-16
  0.7750423000000E+01   0.1320555754292E-16
  0.7849714000000E+01   0.1378674979249E-16
  0.7950277000000E+01   0.1438576503503E-16
  0.8052128000000E+01   0.1506039243063E-16
  0.8155284000000E+01   0.1586719936594E-16
  0.8259761000000E+01   0.1655275642720E-16
  0.8365577000000E+01   0.1728315832245E-16
  0.8472749000000E+01   0.1793330387278E-16
  0.8581293000000E+01   0.1857532951489E-16
  0.8691229000000E+01   0.1921171953032E-16
  0.8802572000000E+01   0.1985237751974E-16
  0.8915342000000E+01   0.2049995911212E-16
  0.9029557000000E+01   0.2115373191382E-16
  0.9145235000000E+01   0.2181625830641E-16
  0.9262394000000E+01   0.2248738047758E-16
  0.9381055000000E+01   0.2316729121363E-16
  0.9501236000000E+01   0.2385690542964E-16
  0.9622957000000E+01   0.2455579484437E-16
  0.9746237000000E+01   0.2526406391945E-16
  0.9871096000000E+01   0.2598161653751E-16
  0.9997555000000E+01   0.2670788925990E-16
  0.1012563000000E+02   0.2744320805554E-16
  0.1025535000000E+02   0.2818678214017E-16
  0.1038673000000E+02   0.2893871725439E-16
  0.1051980000000E+02   0.2969799187772E-16
  0.1065457000000E+02   0.3046428185447E-16
  0.1079107000000E+02   0.3123676698154E-16
  0.1092931000000E+02   0.3201453069639E-16
  0.1106933000000E+02   0.3279659392847E-16
  0.1121113000000E+02   0.3358181088630E-16
  0.1135476000000E+02   0.3436752818720E-16
  0.1150023000000E+02   0.3514994104891E-16
  0.1164756000000E+02   0.3592342989196E-16
  0.1179677000000E+02   0.3668673991657E-16
  0.1194790000000E+02   0.3742846931773E-16
  0.1210097000000E+02   0.3815123507332E-16
  0.1225599000000E+02   0.3886075821151E-16
  0.1241300000000E+02   0.3953862559973E-16
  0.1257203000000E+02   0.4023869284130E-16
  0.1273309000000E+02   0.4090568388179E-16
  0.1289621000000E+02   0.4166628668819E-16
  0.1306143000000E+02   0.4243095245257E-16
  0.1322876000000E+02   0.4330123534854E-16
  0.1339823000000E+02   0.4421917995366E-16
  0.1356988000000E+02   0.4514700914004E-16
  0.1374372000000E+02   0.4608768968325E-16
  0.1391979000000E+02   0.4701966837727E-16
  0.1409812000000E+02   0.4794045070332E-16
  0.1427873000000E+02   0.4885681662448E-16
  0.1446165000000E+02   0.4978164407906E-16
  0.1464692000000E+02   0.5070284495780E-16
  0.1483456000000E+02   0.5165701076105E-16
  0.1502461000000E+02   0.5262109185982E-16
  0.1521709000000E+02   0.5360001829275E-16
  0.1541204000000E+02   0.5460506652928E-16
  0.1560948000000E+02   0.5558326508991E-16
  0.1580946000000E+02   0.5656219072378E-16
  0.1601199000000E+02   0.5751780471518E-16
  0.1621712000000E+02   0.5844816208499E-16
  0.1642488000000E+02   0.5936579833525E-16
  0.1663530000000E+02   0.6025727324961E-16
  0.1684841000000E+02   0.6112850977340E-16
  0.1706426000000E+02   0.6198689873861E-16
  0.1728287000000E+02   0.6281802458839E-16
  0.1750428000000E+02   0.6364160735203E-16
  0.1772853000000E+02   0.6443203826009E-16
  0.1795565000000E+02   0.6520990562628E-16
  0.1818568000000E+02   0.6596436715115E-16
  0.1841866000000E+02   0.6669813473340E-16
  0.1865462000000E+02   0.6741553314535E-16
  0.1889360000000E+02   0.6811648178566E-16
  0.1913565000000E+02   0.6879741280351E-16
  0.1938080000000E+02   0.6946021766556E-16
  0.1962908000000E+02   0.7009958699566E-16
  0.1988055000000E+02   0.7072734510034E-16
  0.2013524000000E+02   0.7133202559400E-16
  0.2039320000000E+02   0.7191681352506E-16
  0.2065445000000E+02   0.7247854377610E-16
  0.2091906000000E+02   0.7302291300666E-16
  0.2118705000000E+02   0.7355573827503E-16
  0.2145848000000E+02   0.7406512969708E-16
  0.2173339000000E+02   0.7456053374786E-16
  0.2201181000000E+02   0.7503073778493E-16
  0.2229381000000E+02   0.7548140748210E-16
  0.2257941000000E+02   0.7590713369703E-16
  0.2286868000000E+02   0.7630570536240E-16
  0.2316165000000E+02   0.7667638805598E-16
  0.2345837000000E+02   0.7701780347328E-16
  0.2375890000000E+02   0.7732800621504E-16
  0.2406328000000E+02   0.7760510247769E-16
  0.2437155000000E+02   0.7781440399343E-16
  0.2468378000000E+02   0.7798514224599E-16
  0.2500000000000E+02   0.7812362475096E-16
  0.3073734000000E+02   0.7451095775414E-16
  0.3779135000000E+02   0.6332959703742E-16
  0.4646422000000E+02   0.5071817646357E-16
  0.5712745000000E+02   0.3750340051208E-16
  0.7023782000000E+02   0.2605034831703E-16
  0.8635694000000E+02   0.1736154655643E-16
  0.1061753000000E+03   0.1096318515414E-16
  0.1305418000000E+03   0.6799485389592E-17
  0.1605003000000E+03   0.3888177766615E-17
  0.1973341000000E+03   0.1960505866729E-17
  0.2426209000000E+03   0.1092249467007E-17
  0.2983008000000E+03   0.5851665368539E-18
  0.3667589000000E+03   0.2909500116496E-18
  0.4509277000000E+03   0.1282049590243E-18
  0.5544126000000E+03   0.5382978859783E-19
  0.6816467000000E+03   0.2465416140016E-19
  0.8380801000000E+03   0.1117046117019E-19
  0.1030414000000E+04   0.5020704177504E-20
  0.1266887000000E+04   0.2242918909584E-20
  0.1557629000000E+04   0.9974132297850E-21
  0.1915095000000E+04   0.4420201989660E-21
  0.2354597000000E+04   0.1953848143843E-21
  0.2894961000000E+04   0.8620527258294E-22
  0.3559336000000E+04   0.3799039754898E-22
  0.4376180000000E+04   0.1672753689453E-22
  0.5380484000000E+04   0.7362218709433E-23
  0.6615270000000E+04   0.3240598492362E-23
  0.8133431000000E+04   0.1427404398341E-23
  0.1000000000000E+05   0.6183363011430E-24
