
2019-08-20 06:49:49	INFO	::casa	
2019-08-20 06:49:49	INFO	::casa	CASA Version 5.4.1-32  
2019-08-20 06:49:54	INFO	imview::::	
2019-08-20 06:49:54	INFO	imview::::+	##########################################
2019-08-20 06:49:54	INFO	imview::::+	##### Begin Task: imview             #####
2019-08-20 06:49:54	INFO	imview::::	imview(raster="HD163296_Cube.fits",contour={},zoom=1,axes={},out="")
2019-08-20 06:49:55	INFO	imview::::	##### End Task: imview               #####
2019-08-20 06:49:55	INFO	imview::::+	##########################################
2019-08-20 06:59:18	INFO	imview::::	
2019-08-20 06:59:18	INFO	imview::::+	##########################################
2019-08-20 06:59:18	INFO	imview::::+	##### Begin Task: imview             #####
2019-08-20 06:59:18	INFO	imview::::	imview(raster="HD163296_Cube.fits",contour={},zoom=1,axes={},out="")
2019-08-20 06:59:18	INFO	imview::::	##### End Task: imview               #####
2019-08-20 06:59:18	INFO	imview::::+	##########################################
2019-08-20 07:03:41	WARN		No Start value specified!
2019-08-20 07:03:41	WARN		No End value specified!
2019-08-20 07:03:41	WARN		No Start value specified!
2019-08-20 07:03:41	WARN		No End value specified!
2019-08-20 07:03:41	INFO	ImageRegion::fromRecord	Selected bounding box : 
2019-08-20 07:03:41	INFO	ImageRegion::fromRecord+	    [69, 77, 0] to [424, 392, 29]  (17:53:20.691, -21.56.58.511, 3.45813e+11Hz to 17:53:20.524, -21.56.56.445, 3.45779e+11Hz)
2019-08-20 07:03:41	INFO	ImageRegion::fromRecord	Selected bounding box : 
2019-08-20 07:03:41	INFO	ImageRegion::fromRecord+	    [69, 77, 0] to [424, 392, 29]  (17:53:20.691, -21.56.58.511, 3.45813e+11Hz to 17:53:20.524, -21.56.56.445, 3.45779e+11Hz)
2019-08-20 07:03:41	INFO	ImageRegion::fromRecord	Selected bounding box : 
2019-08-20 07:03:41	INFO	ImageRegion::fromRecord+	    [69, 77, 0] to [424, 392, 29]  (17:53:20.691, -21.56.58.511, 3.45813e+11Hz to 17:53:20.524, -21.56.56.445, 3.45779e+11Hz)
2019-08-20 07:03:41	INFO	ImageRegion::fromRecord	Selected bounding box : 
2019-08-20 07:03:41	INFO	ImageRegion::fromRecord+	    [69, 77, 0] to [424, 392, 29]  (17:53:20.691, -21.56.58.511, 3.45813e+11Hz to 17:53:20.524, -21.56.56.445, 3.45779e+11Hz)
2019-08-20 07:03:41	WARN	QtProfile::setCollapseVals	Spectral value not correct: -nan
2019-08-20 07:03:41	WARN	QtProfile::setCollapseVals	Spectral value not correct: -nan
2019-08-20 07:03:58	WARN	QtProfile::setCollapseVals	No Start value specified!
2019-08-20 07:03:58	WARN	QtProfile::setCollapseVals	No End value specified!
2019-08-20 07:03:58	INFO	ImageRegion::fromRecord	Selected bounding box : 
2019-08-20 07:03:58	INFO	ImageRegion::fromRecord+	    [69, 77, 0] to [424, 392, 29]  (17:53:20.691, -21.56.58.511, 3.45813e+11Hz to 17:53:20.524, -21.56.56.445, 3.45779e+11Hz)
2019-08-20 07:03:58	INFO	ImageRegion::fromRecord	Selected bounding box : 
2019-08-20 07:03:58	INFO	ImageRegion::fromRecord+	    [69, 77, 0] to [424, 392, 29]  (17:53:20.691, -21.56.58.511, 3.45813e+11Hz to 17:53:20.524, -21.56.56.445, 3.45779e+11Hz)
2019-08-20 07:23:50	INFO	imview::::	
2019-08-20 07:23:50	INFO	imview::::+	##########################################
2019-08-20 07:23:50	INFO	imview::::+	##### Begin Task: imview             #####
2019-08-20 07:23:50	INFO	imview::::	imview(raster="newtable.fits",contour={},zoom=1,axes={},out="")
2019-08-20 07:23:51	INFO	imview::::	##### End Task: imview               #####
2019-08-20 07:23:51	INFO	imview::::+	##########################################
2019-08-20 07:28:18	INFO	imview::::	
2019-08-20 07:28:18	INFO	imview::::+	##########################################
2019-08-20 07:28:18	INFO	imview::::+	##### Begin Task: imview             #####
2019-08-20 07:28:18	INFO	imview::::	imview(raster="newtable.fits",contour={},zoom=1,axes={},out="")
2019-08-20 07:28:19	INFO	imview::::	##### End Task: imview               #####
2019-08-20 07:28:19	INFO	imview::::+	##########################################
2019-08-20 07:28:27	INFO	imhead::::	
2019-08-20 07:28:27	INFO	imhead::::+	##########################################
2019-08-20 07:28:27	INFO	imhead::::+	##### Begin Task: imhead             #####
2019-08-20 07:28:27	INFO	imhead::::	imhead(imagename="newtable.fits",mode="summary",hdkey="",hdvalue="",verbose=False)
2019-08-20 07:28:27	INFO	ImageMetaData::summary	
2019-08-20 07:28:27	INFO	ImageMetaData::summary+	Image name       : newtable.fits
2019-08-20 07:28:27	INFO	ImageMetaData::summary+	Object name      : 
2019-08-20 07:28:27	INFO	ImageMetaData::summary+	Image type       : FITSImage
2019-08-20 07:28:27	INFO	ImageMetaData::summary+	Image quantity   : Intensity
2019-08-20 07:28:27	INFO	ImageMetaData::summary+	Pixel mask(s)    : Parent is masked
2019-08-20 07:28:27	INFO	ImageMetaData::summary+	Region(s)        : None
2019-08-20 07:28:27	INFO	ImageMetaData::summary+	Image units      : Jy/pixel
2019-08-20 07:28:27	INFO	ImageMetaData::summary	
2019-08-20 07:28:27	INFO	ImageMetaData::summary+	Direction reference : J2000
2019-08-20 07:28:27	INFO	ImageMetaData::summary+	Spectral  reference : LSRK
2019-08-20 07:28:27	INFO	ImageMetaData::summary+	Velocity  type      : RADIO
2019-08-20 07:28:27	INFO	ImageMetaData::summary+	Telescope           : UNKNOWN
2019-08-20 07:28:27	INFO	ImageMetaData::summary+	Observer            : UNKNOWN
2019-08-20 07:28:27	INFO	ImageMetaData::summary+	Date observation    : UNKNOWN
2019-08-20 07:28:27	INFO	ImageMetaData::summary+	
2019-08-20 07:28:27	INFO	ImageMetaData::summary+	Axis Coord Type      Name             Proj Shape Tile   Coord value at pixel       Coord incr Units
2019-08-20 07:28:27	INFO	ImageMetaData::summary+	--------------------------------------------------------------------------------------------------- 
2019-08-20 07:28:27	INFO	ImageMetaData::summary+	0    0     Direction Right Ascension   SIN   500  500  17:53:20.606   249.50    -6.557377e-03 arcsec
2019-08-20 07:28:27	INFO	ImageMetaData::summary+	1    0     Direction Declination       SIN   500   50 -21.56.57.380   249.50     6.557377e-03 arcsec
2019-08-20 07:28:27	INFO	ImageMetaData::summary+	2    1     Spectral  Frequency                30    1   3.45813e+11     0.00 -1.193333230e+06 Hz
2019-08-20 07:28:27	INFO	imhead::::	##### End Task: imhead               #####
2019-08-20 07:28:27	INFO	imhead::::+	##########################################
2019-08-20 07:30:28	INFO	imview::::	
2019-08-20 07:30:28	INFO	imview::::+	##########################################
2019-08-20 07:30:28	INFO	imview::::+	##### Begin Task: imview             #####
2019-08-20 07:30:28	INFO	imview::::	imview(raster="newtable.fits",contour={},zoom=1,axes={},out="")
2019-08-20 07:30:28	INFO	imview::::	##### End Task: imview               #####
2019-08-20 07:30:28	INFO	imview::::+	##########################################
2019-08-20 07:31:51	INFO	imview::::	
2019-08-20 07:31:51	INFO	imview::::+	##########################################
2019-08-20 07:31:51	INFO	imview::::+	##### Begin Task: imview             #####
2019-08-20 07:31:51	INFO	imview::::	imview(raster="newtable.fits",contour={},zoom=1,axes={},out="")
2019-08-20 07:31:51	INFO	imview::::	##### End Task: imview               #####
2019-08-20 07:31:51	INFO	imview::::+	##########################################
