           1
         150
  
  0.1000000000000E+00   0.1534833369206E-25
  0.1236673000000E+00   0.3557112952013E-20
  0.1529360000000E+00   0.2044959175929E-19
  0.1891319000000E+00   0.7447966539384E-19
  0.2338943000000E+00   0.1876621513103E-18
  0.2892508000000E+00   0.3516162252228E-18
  0.3577086000000E+00   0.5201765854950E-18
  0.4423686000000E+00   0.6388101619513E-18
  0.5470654000000E+00   0.6784393999814E-18
  0.6765410000000E+00   0.6444915003205E-18
  0.8366600000000E+00   0.5621432676341E-18
  0.1034675000000E+01   0.4594718467753E-18
  0.1279555000000E+01   0.3574181823840E-18
  0.1582391000000E+01   0.2677174718891E-18
  0.1956900000000E+01   0.1948047788548E-18
  0.2420045000000E+01   0.1386173909776E-18
  0.2992805000000E+01   0.9691705787444E-19
  0.3701121000000E+01   0.6688429249687E-19
  0.4577077000000E+01   0.4658102216968E-19
  0.5660348000000E+01   0.3843615115014E-19
  0.7000000000000E+01   0.5639132367425E-19
  0.7089677000000E+01   0.5839136152711E-19
  0.7180503000000E+01   0.6051409524769E-19
  0.7272493000000E+01   0.6271256660873E-19
  0.7365661000000E+01   0.6505749176069E-19
  0.7460023000000E+01   0.6672335697350E-19
  0.7555593000000E+01   0.6855498356332E-19
  0.7652388000000E+01   0.6954430617338E-19
  0.7750423000000E+01   0.7047238236579E-19
  0.7849714000000E+01   0.7114961928874E-19
  0.7950277000000E+01   0.7168084393519E-19
  0.8052128000000E+01   0.7068163930184E-19
  0.8155284000000E+01   0.6679038887188E-19
  0.8259761000000E+01   0.6652612654734E-19
  0.8365577000000E+01   0.6669851860497E-19
  0.8472749000000E+01   0.6922696677742E-19
  0.8581293000000E+01   0.7232044249677E-19
  0.8691229000000E+01   0.7566716111227E-19
  0.8802572000000E+01   0.7918793354149E-19
  0.8915342000000E+01   0.8287608606825E-19
  0.9029557000000E+01   0.8673171056193E-19
  0.9145235000000E+01   0.9076058904043E-19
  0.9262394000000E+01   0.9496558192466E-19
  0.9381055000000E+01   0.9934967207564E-19
  0.9501236000000E+01   0.1039142566510E-18
  0.9622957000000E+01   0.1086603752852E-18
  0.9746237000000E+01   0.1135882580159E-18
  0.9871096000000E+01   0.1186980565152E-18
  0.9997555000000E+01   0.1239889248204E-18
  0.1012563000000E+02   0.1294597332070E-18
  0.1025535000000E+02   0.1351096742127E-18
  0.1038673000000E+02   0.1409361259231E-18
  0.1051980000000E+02   0.1469369173796E-18
  0.1065457000000E+02   0.1531092805298E-18
  0.1079107000000E+02   0.1594497401980E-18
  0.1092931000000E+02   0.1659548891234E-18
  0.1106933000000E+02   0.1726191071886E-18
  0.1121113000000E+02   0.1794385234646E-18
  0.1135476000000E+02   0.1864067162392E-18
  0.1150023000000E+02   0.1935170999873E-18
  0.1164756000000E+02   0.2007601737507E-18
  0.1179677000000E+02   0.2081295027852E-18
  0.1194790000000E+02   0.2156170065629E-18
  0.1210097000000E+02   0.2232262211520E-18
  0.1225599000000E+02   0.2309673846938E-18
  0.1241300000000E+02   0.2388532474072E-18
  0.1257203000000E+02   0.2468871094591E-18
  0.1273309000000E+02   0.2550993412025E-18
  0.1289621000000E+02   0.2633141735950E-18
  0.1306143000000E+02   0.2716049422908E-18
  0.1322876000000E+02   0.2798185597966E-18
  0.1339823000000E+02   0.2880758633443E-18
  0.1356988000000E+02   0.2964260579708E-18
  0.1374372000000E+02   0.3048540508791E-18
  0.1391979000000E+02   0.3133457732580E-18
  0.1409812000000E+02   0.3218772328263E-18
  0.1427873000000E+02   0.3304319756825E-18
  0.1446165000000E+02   0.3390005647364E-18
  0.1464692000000E+02   0.3475692681110E-18
  0.1483456000000E+02   0.3561388338650E-18
  0.1502461000000E+02   0.3646928431488E-18
  0.1521709000000E+02   0.3732211871635E-18
  0.1541204000000E+02   0.3817178578937E-18
  0.1560948000000E+02   0.3901529589750E-18
  0.1580946000000E+02   0.3985285282658E-18
  0.1601199000000E+02   0.4068280488477E-18
  0.1621712000000E+02   0.4150458738969E-18
  0.1642488000000E+02   0.4231790948260E-18
  0.1663530000000E+02   0.4312181412324E-18
  0.1684841000000E+02   0.4391582183531E-18
  0.1706426000000E+02   0.4469951905948E-18
  0.1728287000000E+02   0.4547200155239E-18
  0.1750428000000E+02   0.4623301574629E-18
  0.1772853000000E+02   0.4698158243812E-18
  0.1795565000000E+02   0.4771754711381E-18
  0.1818568000000E+02   0.4844029940893E-18
  0.1841866000000E+02   0.4914943114163E-18
  0.1865462000000E+02   0.4984469603621E-18
  0.1889360000000E+02   0.5052583645682E-18
  0.1913565000000E+02   0.5119252115487E-18
  0.1938080000000E+02   0.5184464291002E-18
  0.1962908000000E+02   0.5248191193753E-18
  0.1988055000000E+02   0.5310464064496E-18
  0.2013524000000E+02   0.5371248507509E-18
  0.2039320000000E+02   0.5430558732450E-18
  0.2065445000000E+02   0.5488393902495E-18
  0.2091906000000E+02   0.5544798585686E-18
  0.2118705000000E+02   0.5599812870648E-18
  0.2145848000000E+02   0.5653428828405E-18
  0.2173339000000E+02   0.5705720412823E-18
  0.2201181000000E+02   0.5756681808817E-18
  0.2229381000000E+02   0.5806386164116E-18
  0.2257941000000E+02   0.5854858959113E-18
  0.2286868000000E+02   0.5902143541165E-18
  0.2316165000000E+02   0.5948295389800E-18
  0.2345837000000E+02   0.5993368988944E-18
  0.2375890000000E+02   0.6037410188182E-18
  0.2406328000000E+02   0.6080489755688E-18
  0.2437155000000E+02   0.6122371823016E-18
  0.2468378000000E+02   0.6163344135355E-18
  0.2500000000000E+02   0.6203511696014E-18
  0.3073734000000E+02   0.6769338820107E-18
  0.3779135000000E+02   0.7261706539260E-18
  0.4646422000000E+02   0.7715682423420E-18
  0.5712745000000E+02   0.7911825335520E-18
  0.7023782000000E+02   0.7832500481245E-18
  0.8635694000000E+02   0.7514717826913E-18
  0.1061753000000E+03   0.6780485609862E-18
  0.1305418000000E+03   0.5773978042413E-18
  0.1605003000000E+03   0.4389057466095E-18
  0.1973341000000E+03   0.2847255409818E-18
  0.2426209000000E+03   0.1900329629852E-18
  0.2983008000000E+03   0.1178664899169E-18
  0.3667589000000E+03   0.6602703938910E-19
  0.4509277000000E+03   0.3203438091348E-19
  0.5544126000000E+03   0.1448565937768E-19
  0.6816467000000E+03   0.7019926177582E-20
  0.8380801000000E+03   0.3327126098240E-20
  0.1030414000000E+04   0.1550393229760E-20
  0.1266887000000E+04   0.7130585720567E-21
  0.1557629000000E+04   0.3246550343432E-21
  0.1915095000000E+04   0.1466687318232E-21
  0.2354597000000E+04   0.6586650027473E-22
  0.2894961000000E+04   0.2944881893661E-22
  0.3559336000000E+04   0.1312690277797E-22
  0.4376180000000E+04   0.5839380153280E-23
  0.5380484000000E+04   0.2595319039148E-23
  0.6615270000000E+04   0.1154001294056E-23
  0.8133431000000E+04   0.5141718339662E-24
  0.1000000000000E+05   0.2186884446169E-24
